<?xml version="1.0" encoding="UTF-8"?>
<!-- Generated by org.testng.reporters.JUnitXMLReporter -->
<testsuite hostname="DESKTOP-BIVGLN6" ignored="0" name="Default test" tests="5" failures="0" timestamp="05 Aug 2021 16:50:58 GMT" time="0.203" errors="0">
  <testcase name="login" time="0.031" classname="com.demo.InvocationCount"/>
  <testcase name="login" time="0.0" classname="com.demo.InvocationCount"/>
  <testcase name="login" time="0.016" classname="com.demo.InvocationCount"/>
  <testcase name="login" time="0.015" classname="com.demo.InvocationCount"/>
  <testcase name="login" time="0.0" classname="com.demo.InvocationCount"/>
</testsuite> <!-- Default test -->
