<?xml version="1.0" encoding="UTF-8"?>
<!-- Generated by org.testng.reporters.JUnitXMLReporter -->
<testsuite hostname="DESKTOP-BIVGLN6" ignored="2" name="Test" tests="4" failures="0" timestamp="05 Aug 2021 16:35:19 GMT" time="0.234" errors="0">
  <testcase name="chechHeader" time="0.078" classname="com.demo.Include_Exclude"/>
  <testcase name="checkTitle" time="0.0" classname="com.demo.Include_Exclude"/>
  <testcase name="test03" time="0.016" classname="com.demo.Include_Exclude"/>
  <testcase name="validLogin" time="0.0" classname="com.demo.Include_Exclude"/>
  <testcase name="test02" time="0.0" classname="com.demo.Include_Exclude">
    <ignored/>
  </testcase> <!-- test02 -->
  <testcase name="chechDeleteButton" time="0.0" classname="com.demo.Include_Exclude">
    <ignored/>
  </testcase> <!-- chechDeleteButton -->
</testsuite> <!-- Test -->
