<?xml version="1.0" encoding="UTF-8"?>
<testng-results skipped="0" failed="0" ignored="0" total="5" passed="5">
  <reporter-output>
  </reporter-output>
  <suite name="Default suite" duration-ms="203" started-at="2021-08-05T16:50:58Z" finished-at="2021-08-05T16:50:58Z">
    <groups>
    </groups>
    <test name="Default test" duration-ms="203" started-at="2021-08-05T16:50:58Z" finished-at="2021-08-05T16:50:58Z">
      <class name="com.demo.InvocationCount">
        <test-method status="PASS" signature="login()[pri:0, instance:com.demo.InvocationCount@1bce4f0a]" name="login" duration-ms="31" started-at="2021-08-05T22:20:58Z" finished-at="2021-08-05T22:20:58Z">
          <reporter-output>
          </reporter-output>
        </test-method> <!-- login -->
        <test-method status="PASS" signature="login()[pri:0, instance:com.demo.InvocationCount@1bce4f0a]" name="login" duration-ms="0" started-at="2021-08-05T22:20:58Z" finished-at="2021-08-05T22:20:58Z">
          <reporter-output>
          </reporter-output>
        </test-method> <!-- login -->
        <test-method status="PASS" signature="login()[pri:0, instance:com.demo.InvocationCount@1bce4f0a]" name="login" duration-ms="16" started-at="2021-08-05T22:20:58Z" finished-at="2021-08-05T22:20:58Z">
          <reporter-output>
          </reporter-output>
        </test-method> <!-- login -->
        <test-method status="PASS" signature="login()[pri:0, instance:com.demo.InvocationCount@1bce4f0a]" name="login" duration-ms="15" started-at="2021-08-05T22:20:58Z" finished-at="2021-08-05T22:20:58Z">
          <reporter-output>
          </reporter-output>
        </test-method> <!-- login -->
        <test-method status="PASS" signature="login()[pri:0, instance:com.demo.InvocationCount@1bce4f0a]" name="login" duration-ms="0" started-at="2021-08-05T22:20:58Z" finished-at="2021-08-05T22:20:58Z">
          <reporter-output>
          </reporter-output>
        </test-method> <!-- login -->
      </class> <!-- com.demo.InvocationCount -->
    </test> <!-- Default test -->
  </suite> <!-- Default suite -->
</testng-results>
